ISim log file
Running: C:\Users\s240324\Oscilloscope_Project\fpga\SignalGenerator\FULL_BENCH_isim_beh.exe -intstyle ise -gui -tclbatch isim.cmd -wdb C:/Users/s240324/Oscilloscope_Project/fpga/SignalGenerator/FULL_BENCH_isim_beh.wdb 
ISim P.15xf (signature 0xc3576ebc)
----------------------------------------------------------------------
INFO:Security:50 - The XILINXD_LICENSE_FILE environment variable is set to '2100@xilinx.winbar.dtu.dk'.
INFO:Security:53 - The LM_LICENSE_FILE environment variable is not set.
WARNING:Security:43 - No license file was found in the standard Xilinx license directory.
WARNING:Security:44 - Since no license file was found,
       please run the Xilinx License Configuration Manager
       (xlcm or "Manage Xilinx Licenses")
       to assist in obtaining a license.
WARNING:Security:42 - Your software subscription period has lapsed. Your current version of Xilinx tools will continue to function, but you no longer qualify for Xilinx software updates or new releases.


----------------------------------------------------------------------
This is a Full version of ISim.
Time resolution is 1 ps
# onerror resume
# wave add /
# run 1000 ns
Simulator is doing circuit initialization process.
at 0 ps, Instance /full_bench/uut/U2/ : Warning: There is an 'U'|'X'|'W'|'Z'|'-' in an arithmetic operand, the result will be 'X'(es).
Finished circuit initialization process.
# restart
# run 10.00us
Simulator is doing circuit initialization process.
Finished circuit initialization process.
ISim P.15xf (signature 0xc3576ebc)
----------------------------------------------------------------------
INFO:Security:50 - The XILINXD_LICENSE_FILE environment variable is set to '2100@xilinx.winbar.dtu.dk'.
INFO:Security:53 - The LM_LICENSE_FILE environment variable is not set.
WARNING:Security:43 - No license file was found in the standard Xilinx license directory.
WARNING:Security:44 - Since no license file was found,
       please run the Xilinx License Configuration Manager
       (xlcm or "Manage Xilinx Licenses")
       to assist in obtaining a license.
WARNING:Security:42 - Your software subscription period has lapsed. Your current version of Xilinx tools will continue to function, but you no longer qualify for Xilinx software updates or new releases.


----------------------------------------------------------------------
This is a Full version of ISim.
# run 1000 ns
Simulator is doing circuit initialization process.
at 0 ps, Instance /full_bench/uut/U2/ : Warning: There is an 'U'|'X'|'W'|'Z'|'-' in an arithmetic operand, the result will be 'X'(es).
Finished circuit initialization process.
# restart
# run all
Simulator is doing circuit initialization process.
Finished circuit initialization process.
Stopped at time : 18823065 ns : File "C:/Users/s240324/Oscilloscope_Project/fpga/SignalGenerator/FULL_BENCH.vhd" Line 72
# run 10.00us
# restart
# run 10.00us
Simulator is doing circuit initialization process.
Finished circuit initialization process.
# run 10.00us
# restart
# run 10.00us
Simulator is doing circuit initialization process.
Finished circuit initialization process.
